<?xml version="1.0" encoding="UTF-8"?><testrun name="TestRunner" project="Cucumber" tests="1" started="1" failures="0" errors="1" ignored="0">
  <testsuite name="runner.TestRunner" time="0.0">
    <testcase name="initializationError" classname="runner.TestRunner" time="0.0">
      <error>cucumber.runtime.DuplicateStepDefinitionException: Duplicate step definitions in newToursApplicationTest.RegisterUser.Open_Firefox_Browser_and_Navigate_to_NewTours_Application() in file:/C:/Users/kowth/Desktop/SwathiSelenium/Cucumber/bin/ and newToursApplicationTest.NewToursLogInTest.Open_Firefox_Browser_and_Navigate_to_NewTours_Application() in file:/C:/Users/kowth/Desktop/SwathiSelenium/Cucumber/bin/&#13;
	at cucumber.runtime.RuntimeGlue.addStepDefinition(RuntimeGlue.java:47)&#13;
	at cucumber.runtime.java.JavaBackend.addStepDefinition(JavaBackend.java:92)&#13;
	at cucumber.runtime.java.ClasspathMethodScanner.scan(ClasspathMethodScanner.java:68)&#13;
	at cucumber.runtime.java.ClasspathMethodScanner.scan(ClasspathMethodScanner.java:41)&#13;
	at cucumber.runtime.java.JavaBackend.loadGlue(JavaBackend.java:53)&#13;
	at cucumber.runtime.Runtime.&lt;init&gt;(Runtime.java:74)&#13;
	at cucumber.runtime.Runtime.&lt;init&gt;(Runtime.java:61)&#13;
	at cucumber.api.junit.Cucumber.&lt;init&gt;(Cucumber.java:59)&#13;
	at sun.reflect.NativeConstructorAccessorImpl.newInstance0(Native Method)&#13;
	at sun.reflect.NativeConstructorAccessorImpl.newInstance(Unknown Source)&#13;
	at sun.reflect.DelegatingConstructorAccessorImpl.newInstance(Unknown Source)&#13;
	at java.lang.reflect.Constructor.newInstance(Unknown Source)&#13;
	at org.junit.internal.builders.AnnotatedBuilder.buildRunner(AnnotatedBuilder.java:104)&#13;
	at org.junit.internal.builders.AnnotatedBuilder.runnerForClass(AnnotatedBuilder.java:86)&#13;
	at org.junit.runners.model.RunnerBuilder.safeRunnerForClass(RunnerBuilder.java:59)&#13;
	at org.junit.internal.builders.AllDefaultPossibilitiesBuilder.runnerForClass(AllDefaultPossibilitiesBuilder.java:26)&#13;
	at org.junit.runners.model.RunnerBuilder.safeRunnerForClass(RunnerBuilder.java:59)&#13;
	at org.junit.internal.requests.ClassRequest.getRunner(ClassRequest.java:33)&#13;
	at org.eclipse.jdt.internal.junit4.runner.JUnit4TestLoader.createUnfilteredTest(JUnit4TestLoader.java:84)&#13;
	at org.eclipse.jdt.internal.junit4.runner.JUnit4TestLoader.createTest(JUnit4TestLoader.java:70)&#13;
	at org.eclipse.jdt.internal.junit4.runner.JUnit4TestLoader.loadTests(JUnit4TestLoader.java:43)&#13;
	at org.eclipse.jdt.internal.junit.runner.RemoteTestRunner.runTests(RemoteTestRunner.java:444)&#13;
	at org.eclipse.jdt.internal.junit.runner.RemoteTestRunner.runTests(RemoteTestRunner.java:678)&#13;
	at org.eclipse.jdt.internal.junit.runner.RemoteTestRunner.run(RemoteTestRunner.java:382)&#13;
	at org.eclipse.jdt.internal.junit.runner.RemoteTestRunner.main(RemoteTestRunner.java:192)&#13;
&#13;
</error>
    </testcase>
  </testsuite>
</testrun>
